<?xml version="1.0" encoding="UTF-8"?>
<!-- Generated by org.testng.reporters.JUnitReportReporter -->
<testsuite hostname="JAGADEESH" failures="0" tests="1" name="day43.HardAssertion" time="0.032" errors="0" timestamp="2024-10-18T16:05:04 IST" skipped="0">
  <testcase classname="day43.HardAssertion" name="Test_softassertion" time="0.032"/>
  <system-out/>
</testsuite> <!-- day43.HardAssertion -->
