<?xml version="1.0" encoding="UTF-8"?>
<!-- Generated by org.testng.reporters.JUnitReportReporter -->
<testsuite hostname="JAGADEESH" failures="0" tests="2" name="day43.Anatation1Class" time="0.038" errors="0" timestamp="2024-10-18T15:25:50 IST" skipped="0">
  <testcase classname="day43.Anatation1Class" name="search" time="0.032"/>
  <system-out/>
  <testcase classname="day43.Anatation1Class" name="advancedSearch" time="0.006"/>
  <system-out/>
</testsuite> <!-- day43.Anatation1Class -->
