<?xml version="1.0" encoding="UTF-8"?>
<!-- Generated by org.testng.reporters.JUnitReportReporter -->
<testsuite hostname="JAGADEESH" failures="0" tests="3" name="day46.TestListnerDemo" time="4.220" errors="0" timestamp="2024-10-20T15:42:59 IST" skipped="0">
  <testcase classname="day46.TestListnerDemo" name="logo" time="3.691"/>
  <system-out/>
  <testcase classname="day46.TestListnerDemo" name="testurl" time="0.514"/>
  <system-out/>
  <testcase classname="day46.TestListnerDemo" name="test_title" time="0.015"/>
  <system-out/>
</testsuite> <!-- day46.TestListnerDemo -->
