<?xml version="1.0" encoding="UTF-8"?>
<!-- Generated by org.testng.reporters.JUnitReportReporter -->
<testsuite hostname="JAGADEESH" failures="0" tests="1" name="pagetest.Pagetest" time="5.673" errors="0" timestamp="2024-10-20T16:45:15 IST" skipped="0">
  <testcase classname="pagetest.Pagetest" name="pagetest" time="5.673"/>
  <system-out/>
</testsuite> <!-- pagetest.Pagetest -->
