<?xml version="1.0" encoding="UTF-8"?>
<!-- Generated by org.testng.reporters.JUnitReportReporter -->
<testsuite hostname="JAGADEESH" failures="0" tests="1" name="AutomationTestingPractice.Asseration" time="0.035" errors="0" timestamp="2024-10-18T15:36:09 IST" skipped="0">
  <testcase classname="AutomationTestingPractice.Asseration" name="name" time="0.035"/>
  <system-out/>
</testsuite> <!-- AutomationTestingPractice.Asseration -->
