<?xml version="1.0" encoding="UTF-8"?>
<!-- Generated by org.testng.reporters.JUnitReportReporter -->
<testsuite hostname="JAGADEESH" failures="0" tests="3" name="Day44.LoginTestbyGrouping" time="0.033" errors="0" timestamp="2024-11-15T14:34:23 IST" skipped="0">
  <testcase classname="Day44.LoginTestbyGrouping" name="loginbyemail" time="0.019"/>
  <system-out/>
  <testcase classname="Day44.LoginTestbyGrouping" name="loginbyfacebook" time="0.005"/>
  <system-out/>
  <testcase classname="Day44.LoginTestbyGrouping" name="loginbytwiter" time="0.009"/>
  <system-out/>
</testsuite> <!-- Day44.LoginTestbyGrouping -->
