<?xml version="1.0" encoding="UTF-8"?>
<!-- Generated by org.testng.reporters.JUnitReportReporter -->
<testsuite hostname="JAGADEESH" failures="0" tests="2" name="AutomationTestingPractice.DataProvider" time="8.114" errors="0" timestamp="2024-10-19T11:56:34 IST" skipped="0">
  <testcase classname="AutomationTestingPractice.DataProvider" name="login" time="1.119"/>
  <system-out/>
  <testcase classname="AutomationTestingPractice.DataProvider" name="login" time="6.995"/>
  <system-out/>
</testsuite> <!-- AutomationTestingPractice.DataProvider -->
