<?xml version="1.0" encoding="UTF-8"?>
<!-- Generated by org.testng.reporters.JUnitReportReporter -->
<testsuite hostname="JAGADEESH" failures="0" tests="1" name="pagelogin.TestPage" time="2.882" errors="0" timestamp="2024-10-20T17:20:02 IST" skipped="0">
  <testcase classname="pagelogin.TestPage" name="Test_page" time="2.882"/>
  <system-out/>
</testsuite> <!-- pagelogin.TestPage -->
