<?xml version="1.0" encoding="UTF-8"?>
<!-- Generated by org.testng.reporters.JUnitReportReporter -->
<testsuite hostname="JAGADEESH" failures="0" tests="2" name="grouping.Group1" time="0.024" errors="0" timestamp="2024-10-18T16:55:49 IST" skipped="0">
  <testcase classname="grouping.Group1" name="login_smalllatter" time="0.020"/>
  <system-out/>
  <testcase classname="grouping.Group1" name="login_Capitallatter" time="0.004"/>
  <system-out/>
</testsuite> <!-- grouping.Group1 -->
