<?xml version="1.0" encoding="UTF-8"?>
<!-- Generated by org.testng.reporters.JUnitReportReporter -->
<testsuite hostname="JAGADEESH" failures="0" tests="3" name="Day44.SingUpTestByGrouping" time="0.016" errors="0" timestamp="2024-11-15T14:34:23 IST" skipped="0">
  <testcase classname="Day44.SingUpTestByGrouping" name="singupByemail" time="0.004"/>
  <system-out/>
  <testcase classname="Day44.SingUpTestByGrouping" name="singupByfacebook" time="0.007"/>
  <system-out/>
  <testcase classname="Day44.SingUpTestByGrouping" name="singupBytwiter" time="0.005"/>
  <system-out/>
</testsuite> <!-- Day44.SingUpTestByGrouping -->
