<?xml version="1.0" encoding="UTF-8"?>
<!-- Generated by org.testng.reporters.JUnitReportReporter -->
<testsuite hostname="JAGADEESH" failures="0" tests="2" name="grouping.Group3" time="0.007" errors="0" timestamp="2024-10-18T16:55:49 IST" skipped="0">
  <testcase classname="grouping.Group3" name="cartcheckbyname" time="0.004"/>
  <system-out/>
  <testcase classname="grouping.Group3" name="cartcheckbyid" time="0.003"/>
  <system-out/>
</testsuite> <!-- grouping.Group3 -->
