<?xml version="1.0" encoding="UTF-8"?>
<!-- Generated by org.testng.reporters.JUnitReportReporter -->
<testsuite hostname="JAGADEESH" failures="0" tests="2" name="day47.Testpage" time="16.374" errors="0" timestamp="2024-11-15T15:57:40 IST" skipped="0">
  <testcase classname="day47.Testpage" name="Pagr_test" time="7.730"/>
  <system-out/>
  <testcase classname="day47.Testpage" name="Pagr_test" time="8.644"/>
  <system-out/>
</testsuite> <!-- day47.Testpage -->
