<?xml version="1.0" encoding="UTF-8"?>
<!-- Generated by org.testng.reporters.JUnitReportReporter -->
<testsuite hostname="JAGADEESH" failures="0" tests="4" name="AutomationTestingPractice.OrangeHrm" time="22.296" errors="0" timestamp="2024-10-18T15:24:13 IST" skipped="0">
  <testcase classname="AutomationTestingPractice.OrangeHrm" name="openurl" time="17.615"/>
  <system-out/>
  <testcase classname="AutomationTestingPractice.OrangeHrm" name="logo" time="2.083"/>
  <system-out/>
  <testcase classname="AutomationTestingPractice.OrangeHrm" name="login" time="1.779"/>
  <system-out/>
  <testcase classname="AutomationTestingPractice.OrangeHrm" name="close" time="0.819"/>
  <system-out/>
</testsuite> <!-- AutomationTestingPractice.OrangeHrm -->
