<?xml version="1.0" encoding="UTF-8"?>
<!-- Generated by org.testng.reporters.JUnitReportReporter -->
<testsuite hostname="JAGADEESH" failures="0" tests="3" name="Grouping1.Check_phones" time="0.012" errors="0" timestamp="2024-11-15T14:54:50 IST" skipped="0">
  <testcase classname="Grouping1.Check_phones" name="check_by_colour" time="0.002"/>
  <system-out/>
  <testcase classname="Grouping1.Check_phones" name="check_by_price" time="0.006"/>
  <system-out/>
  <testcase classname="Grouping1.Check_phones" name="check_by_brand" time="0.004"/>
  <system-out/>
</testsuite> <!-- Grouping1.Check_phones -->
