<?xml version="1.0" encoding="UTF-8"?>
<!-- Generated by org.testng.reporters.JUnitReportReporter -->
<testsuite hostname="JAGADEESH" failures="0" tests="3" name="day43SubPackege.C3" time="0.015" errors="0" timestamp="2024-11-15T14:32:24 IST" skipped="0">
  <testcase classname="day43SubPackege.C3" name="pqr" time="0.002"/>
  <system-out/>
  <testcase classname="day43SubPackege.C3" name="pqr" time="0.006"/>
  <system-out/>
  <testcase classname="day43SubPackege.C3" name="pqr" time="0.007"/>
  <system-out/>
</testsuite> <!-- day43SubPackege.C3 -->
