<?xml version="1.0" encoding="UTF-8"?>
<!-- Generated by org.testng.reporters.JUnitReportReporter -->
<testsuite hostname="JAGADEESH" failures="0" tests="2" name="Day44.PaymentTestByGrouping" time="0.010" errors="0" timestamp="2024-11-15T14:34:23 IST" skipped="0">
  <testcase classname="Day44.PaymentTestByGrouping" name="paymentByrupee" time="0.006"/>
  <system-out/>
  <testcase classname="Day44.PaymentTestByGrouping" name="paymentByDoller" time="0.004"/>
  <system-out/>
</testsuite> <!-- Day44.PaymentTestByGrouping -->
