<?xml version="1.0" encoding="UTF-8"?>
<!-- Generated by org.testng.reporters.JUnitReportReporter -->
<testsuite hostname="JAGADEESH" failures="0" tests="4" name="day42.OrangeHRM" time="40.323" errors="0" timestamp="2024-10-18T15:20:56 IST" skipped="0">
  <testcase classname="day42.OrangeHRM" name="openurl" time="36.261"/>
  <system-out/>
  <testcase classname="day42.OrangeHRM" name="logo" time="2.096"/>
  <system-out/>
  <testcase classname="day42.OrangeHRM" name="login" time="0.431"/>
  <system-out/>
  <testcase classname="day42.OrangeHRM" name="close" time="1.535"/>
  <system-out/>
</testsuite> <!-- day42.OrangeHRM -->
