<?xml version="1.0" encoding="UTF-8"?>
<!-- Generated by org.testng.reporters.JUnitReportReporter -->
<testsuite hostname="JAGADEESH" failures="0" tests="3" name="day42.FirstTestCase" time="0.010" errors="0" timestamp="2024-08-09T23:09:51 IST" skipped="0">
  <testcase classname="day42.FirstTestCase" name="openapp" time="0.004"/>
  <system-out/>
  <testcase classname="day42.FirstTestCase" name="login" time="0.003"/>
  <system-out/>
  <testcase classname="day42.FirstTestCase" name="logout" time="0.003"/>
  <system-out/>
</testsuite> <!-- day42.FirstTestCase -->
