<?xml version="1.0" encoding="UTF-8"?>
<!-- Generated by org.testng.reporters.JUnitReportReporter -->
<testsuite hostname="JAGADEESH" failures="0" tests="2" name="day43.Anatation2Class" time="0.040" errors="0" timestamp="2024-08-10T12:37:05 IST" skipped="0">
  <testcase classname="day43.Anatation2Class" name="search" time="0.005"/>
  <system-out/>
  <testcase classname="day43.Anatation2Class" name="AdvSearch" time="0.035"/>
  <system-out/>
</testsuite> <!-- day43.Anatation2Class -->
