<?xml version="1.0" encoding="UTF-8"?>
<!-- Generated by org.testng.reporters.JUnitReportReporter -->
<testsuite hostname="JAGADEESH" failures="0" tests="3" name="AutomationTestingPractice.DependsOnMethod" time="0.035" errors="0" timestamp="2024-10-18T16:22:39 IST" skipped="0">
  <testcase classname="AutomationTestingPractice.DependsOnMethod" name="url" time="0.026"/>
  <system-out/>
  <testcase classname="AutomationTestingPractice.DependsOnMethod" name="search" time="0.005"/>
  <system-out/>
  <testcase classname="AutomationTestingPractice.DependsOnMethod" name="login" time="0.004"/>
  <system-out/>
</testsuite> <!-- AutomationTestingPractice.DependsOnMethod -->
