<?xml version="1.0" encoding="UTF-8"?>
<!-- Generated by org.testng.reporters.JUnitReportReporter -->
<testsuite hostname="JAGADEESH" failures="0" tests="3" name="day43SubPackege.C2" time="0.025" errors="0" timestamp="2024-11-15T14:32:24 IST" skipped="0">
  <testcase classname="day43SubPackege.C2" name="xyz" time="0.016"/>
  <system-out/>
  <testcase classname="day43SubPackege.C2" name="xyz" time="0.004"/>
  <system-out/>
  <testcase classname="day43SubPackege.C2" name="xyz" time="0.005"/>
  <system-out/>
</testsuite> <!-- day43SubPackege.C2 -->
