<?xml version="1.0" encoding="UTF-8"?>
<!-- Generated by org.testng.reporters.JUnitReportReporter -->
<testsuite hostname="JAGADEESH" failures="0" tests="2" name="day45.DataProviderDemo" time="19.108" errors="0" timestamp="2024-10-19T11:55:42 IST" skipped="0">
  <testcase classname="day45.DataProviderDemo" name="testlogin" time="3.322"/>
  <system-out/>
  <testcase classname="day45.DataProviderDemo" name="testlogin" time="15.786"/>
  <system-out/>
</testsuite> <!-- day45.DataProviderDemo -->
