<?xml version="1.0" encoding="UTF-8"?>
<!-- Generated by org.testng.reporters.JUnitReportReporter -->
<testsuite hostname="JAGADEESH" failures="0" tests="4" name="day42.Practice" time="14.352" errors="0" timestamp="2024-09-16T09:18:28 IST" skipped="0">
  <testcase classname="day42.Practice" name="url" time="11.495"/>
  <system-out/>
  <testcase classname="day42.Practice" name="logo" time="0.670"/>
  <system-out/>
  <testcase classname="day42.Practice" name="login" time="2.045"/>
  <system-out/>
  <testcase classname="day42.Practice" name="close" time="0.142"/>
  <system-out/>
</testsuite> <!-- day42.Practice -->
