<?xml version="1.0" encoding="UTF-8"?>
<!-- Generated by org.testng.reporters.JUnitReportReporter -->
<testsuite hostname="JAGADEESH" failures="0" tests="1" name="day43.Assertion" time="0.021" errors="0" timestamp="2024-11-15T14:27:04 IST" skipped="0">
  <testcase classname="day43.Assertion" name="testTite" time="0.021"/>
  <system-out/>
</testsuite> <!-- day43.Assertion -->
