<?xml version="1.0" encoding="UTF-8"?>
<!-- Generated by org.testng.reporters.JUnitReportReporter -->
<testsuite hostname="JAGADEESH" failures="0" tests="3" name="Grouping1.Loigin_types" time="0.029" errors="0" timestamp="2024-11-15T14:54:50 IST" skipped="0">
  <testcase classname="Grouping1.Loigin_types" name="login_by_num" time="0.020"/>
  <system-out/>
  <testcase classname="Grouping1.Loigin_types" name="login_by_email" time="0.004"/>
  <system-out/>
  <testcase classname="Grouping1.Loigin_types" name="login_by_pwd" time="0.005"/>
  <system-out/>
</testsuite> <!-- Grouping1.Loigin_types -->
