<?xml version="1.0" encoding="UTF-8"?>
<!-- Generated by org.testng.reporters.JUnitReportReporter -->
<testsuite hostname="JAGADEESH" failures="0" tests="3" name="day46.Testlistener1" time="2.112" errors="0" timestamp="2024-10-20T16:18:51 IST" skipped="0">
  <testcase classname="day46.Testlistener1" name="testurl" time="0.028"/>
  <system-out/>
  <testcase classname="day46.Testlistener1" name="logo" time="2.071"/>
  <system-out/>
  <testcase classname="day46.Testlistener1" name="test_title" time="0.013"/>
  <system-out/>
</testsuite> <!-- day46.Testlistener1 -->
