<?xml version="1.0" encoding="UTF-8"?>
<!-- Generated by org.testng.reporters.JUnitReportReporter -->
<testsuite hostname="JAGADEESH" failures="0" tests="3" name="AutomationTestingPractice.Grouping" time="0.030" errors="0" timestamp="2024-10-18T16:40:46 IST" skipped="0">
  <testcase classname="AutomationTestingPractice.Grouping" name="login_email" time="0.021"/>
  <system-out/>
  <testcase classname="AutomationTestingPractice.Grouping" name="login_x" time="0.006"/>
  <system-out/>
  <testcase classname="AutomationTestingPractice.Grouping" name="login_facebook" time="0.003"/>
  <system-out/>
</testsuite> <!-- AutomationTestingPractice.Grouping -->
